<?xml version="1.0" encoding="UTF-8"?>
<testng-results ignored="0" total="0" passed="0" failed="0" skipped="0">
  <reporter-output>
  </reporter-output>
  <suite started-at="2022-04-06T16:56:14 IST" name="Suite" finished-at="2022-04-06T16:56:14 IST" duration-ms="19">
    <groups>
    </groups>
    <test started-at="2022-04-06T16:56:14 IST" name="LinkedInTest" finished-at="2022-04-06T16:56:14 IST" duration-ms="19">
    </test> <!-- LinkedInTest -->
  </suite> <!-- Suite -->
</testng-results>
